<?xml version="1.0" encoding="UTF-8" standalone="yes"?>
<ns2:test-suite start="1521916741007" stop="1521916760046" version="1.5.4" xmlns:ns2="urn:model.allure.qatools.yandex.ru">
    <name>Default Suite : wedriver_testng_maven</name>
    <title>Default Suite : wedriver_testng_maven</title>
    <test-cases>
        <test-case start="1521916751235" stop="1521916759832" status="failed">
            <name>isTheSearchResultCorrect</name>
            <description type="text">Enter the text and then compare the search result</description>
            <failure>
                <message>AssertionError: expected [What?] but found [What is JBehave?]</message>
                <stack-trace>java.lang.AssertionError: expected [What?] but found [What is JBehave?]
	at org.testng.Assert.fail(Assert.java:93)
	at org.testng.Assert.failNotEquals(Assert.java:512)
	at org.testng.Assert.assertEqualsImpl(Assert.java:134)
	at org.testng.Assert.assertEquals(Assert.java:115)
	at org.testng.Assert.assertEquals(Assert.java:189)
	at org.testng.Assert.assertEquals(Assert.java:199)
	at ExampleTest.isTheSearchResultCorrect(ExampleTest.java:15)
	at sun.reflect.NativeMethodAccessorImpl.invoke0(Native Method)
	at sun.reflect.NativeMethodAccessorImpl.invoke(NativeMethodAccessorImpl.java:62)
	at sun.reflect.DelegatingMethodAccessorImpl.invoke(DelegatingMethodAccessorImpl.java:43)
	at java.lang.reflect.Method.invoke(Method.java:498)
	at org.testng.internal.MethodInvocationHelper.invokeMethod(MethodInvocationHelper.java:108)
	at org.testng.internal.Invoker.invokeMethod(Invoker.java:661)
	at org.testng.internal.Invoker.invokeTestMethod(Invoker.java:869)
	at org.testng.internal.Invoker.invokeTestMethods(Invoker.java:1193)
	at org.testng.internal.TestMethodWorker.invokeTestMethods(TestMethodWorker.java:126)
	at org.testng.internal.TestMethodWorker.run(TestMethodWorker.java:109)
	at org.testng.TestRunner.privateRun(TestRunner.java:744)
	at org.testng.TestRunner.run(TestRunner.java:602)
	at org.testng.SuiteRunner.runTest(SuiteRunner.java:380)
	at org.testng.SuiteRunner.runSequentially(SuiteRunner.java:375)
	at org.testng.SuiteRunner.privateRun(SuiteRunner.java:340)
	at org.testng.SuiteRunner.run(SuiteRunner.java:289)
	at org.testng.SuiteRunnerWorker.runSuite(SuiteRunnerWorker.java:52)
	at org.testng.SuiteRunnerWorker.run(SuiteRunnerWorker.java:86)
	at org.testng.TestNG.runSuitesSequentially(TestNG.java:1301)
	at org.testng.TestNG.runSuitesLocally(TestNG.java:1226)
	at org.testng.TestNG.runSuites(TestNG.java:1144)
	at org.testng.TestNG.run(TestNG.java:1115)
	at org.testng.IDEARemoteTestNG.run(IDEARemoteTestNG.java:72)
	at org.testng.RemoteTestNGStarter.main(RemoteTestNGStarter.java:123)
</stack-trace>
            </failure>
            <steps>
                <step start="1521916756622" stop="1521916758593" status="passed">
                    <name>open</name>
                    <title>Open the page</title>
                </step>
                <step start="1521916758594" stop="1521916758758" status="passed">
                    <name>typeToSearchField[JBehave]</name>
                    <title>Type: JBehave to the search field</title>
                </step>
                <step start="1521916758760" stop="1521916759723" status="passed">
                    <name>submit</name>
                    <title>Confirm inputs in the search bar</title>
                </step>
                <step start="1521916759726" stop="1521916759815" status="passed">
                    <name>getOneSearchResult[0]</name>
                    <title>See the first result of the search</title>
                    <steps>
                        <step start="1521916759727" stop="1521916759755" status="passed">
                            <name>getSearchResult</name>
                            <title>See list of results of the search</title>
                        </step>
                    </steps>
                </step>
            </steps>
            <attachments/>
            <labels>
                <label name="testSuite" value="Default Suite"/>
                <label name="testGroup" value="wedriver_testng_maven"/>
                <label name="testClass" value="ExampleTest"/>
                <label name="testMethod" value="isTheSearchResultCorrect"/>
                <label name="host" value="MacBook-Air-Yuliia.local"/>
                <label name="thread" value="4235@MacBook-Air-Yuliia.local.main(1)"/>
            </labels>
        </test-case>
    </test-cases>
    <labels>
        <label name="framework" value="TestNG"/>
        <label name="language" value="JAVA"/>
    </labels>
</ns2:test-suite>
